mode: set
go-wishlist-api-2/errorHandler/error_handler.go:10.51,12.20 2 1
go-wishlist-api-2/errorHandler/error_handler.go:13.24,14.37 1 1
go-wishlist-api-2/errorHandler/error_handler.go:15.28,16.46 1 1
go-wishlist-api-2/errorHandler/error_handler.go:17.22,18.35 1 1
go-wishlist-api-2/errorHandler/error_handler.go:19.26,20.39 1 1
go-wishlist-api-2/errorHandler/error_handler.go:21.23,22.36 1 1
go-wishlist-api-2/errorHandler/error_handler.go:23.10,24.46 1 1
go-wishlist-api-2/errorHandler/error_handler.go:26.2,32.37 2 1
go-wishlist-api-2/errorHandler/types.go:22.44,24.2 1 1
go-wishlist-api-2/errorHandler/types.go:26.48,28.2 1 1
go-wishlist-api-2/errorHandler/types.go:30.42,32.2 1 1
go-wishlist-api-2/errorHandler/types.go:34.46,36.2 1 1
go-wishlist-api-2/errorHandler/types.go:38.43,40.2 1 1
go-wishlist-api-2/handlers/auth_handler.go:16.64,18.2 1 1
go-wishlist-api-2/handlers/auth_handler.go:20.56,22.40 2 1
go-wishlist-api-2/handlers/auth_handler.go:22.40,24.3 1 0
go-wishlist-api-2/handlers/auth_handler.go:26.2,27.16 2 1
go-wishlist-api-2/handlers/auth_handler.go:27.16,29.3 1 1
go-wishlist-api-2/handlers/auth_handler.go:31.2,38.47 2 1
go-wishlist-api-2/handlers/auth_handler.go:41.53,43.40 2 1
go-wishlist-api-2/handlers/auth_handler.go:43.40,45.3 1 0
go-wishlist-api-2/handlers/auth_handler.go:47.2,48.16 2 1
go-wishlist-api-2/handlers/auth_handler.go:48.16,50.3 1 1
go-wishlist-api-2/handlers/auth_handler.go:52.2,59.42 2 1
go-wishlist-api-2/handlers/wishlist_handler.go:16.71,18.2 1 1
go-wishlist-api-2/handlers/wishlist_handler.go:20.58,22.16 2 1
go-wishlist-api-2/handlers/wishlist_handler.go:22.16,24.3 1 1
go-wishlist-api-2/handlers/wishlist_handler.go:25.2,25.24 1 1
go-wishlist-api-2/handlers/wishlist_handler.go:25.24,33.3 2 0
go-wishlist-api-2/handlers/wishlist_handler.go:34.2,40.42 2 1
go-wishlist-api-2/handlers/wishlist_handler.go:43.58,45.44 2 1
go-wishlist-api-2/handlers/wishlist_handler.go:45.44,47.3 1 0
go-wishlist-api-2/handlers/wishlist_handler.go:48.2,49.16 2 1
go-wishlist-api-2/handlers/wishlist_handler.go:49.16,51.3 1 1
go-wishlist-api-2/handlers/wishlist_handler.go:52.2,58.47 2 1
go-wishlist-api-2/repositories/auth_repository.go:17.53,19.2 1 0
go-wishlist-api-2/repositories/auth_repository.go:21.76,23.74 2 1
go-wishlist-api-2/repositories/auth_repository.go:23.74,25.3 1 1
go-wishlist-api-2/repositories/auth_repository.go:26.2,26.18 1 1
go-wishlist-api-2/repositories/auth_repository.go:30.82,32.49 1 1
go-wishlist-api-2/repositories/auth_repository.go:32.49,34.3 1 1
go-wishlist-api-2/repositories/auth_repository.go:35.2,35.18 1 1
go-wishlist-api-2/repositories/wishlist_repository.go:17.61,19.2 1 1
go-wishlist-api-2/repositories/wishlist_repository.go:21.69,23.52 2 1
go-wishlist-api-2/repositories/wishlist_repository.go:23.52,25.3 1 1
go-wishlist-api-2/repositories/wishlist_repository.go:26.2,26.23 1 1
go-wishlist-api-2/repositories/wishlist_repository.go:28.102,29.53 1 1
go-wishlist-api-2/repositories/wishlist_repository.go:29.53,31.3 1 1
go-wishlist-api-2/repositories/wishlist_repository.go:32.2,32.22 1 1
go-wishlist-api-2/helper/password.go:5.52,7.16 2 1
go-wishlist-api-2/helper/password.go:7.16,9.3 1 0
go-wishlist-api-2/helper/password.go:10.2,10.30 1 1
go-wishlist-api-2/helper/password.go:13.57,16.2 2 1
go-wishlist-api-2/helper/response.go:18.44,22.55 3 1
go-wishlist-api-2/helper/response.go:22.55,24.3 1 1
go-wishlist-api-2/helper/response.go:24.8,26.3 1 1
go-wishlist-api-2/helper/response.go:28.2,28.23 1 1
go-wishlist-api-2/helper/response.go:28.23,35.3 1 1
go-wishlist-api-2/helper/response.go:35.8,41.3 1 1
go-wishlist-api-2/helper/response.go:42.2,42.17 1 1
go-wishlist-api-2/helper/token.go:16.13,18.2 1 1
go-wishlist-api-2/helper/token.go:20.57,36.16 5 1
go-wishlist-api-2/helper/token.go:36.16,38.3 1 0
go-wishlist-api-2/helper/token.go:39.2,39.26 1 1
go-wishlist-api-2/usecases/user_usecase.go:20.74,22.2 1 1
go-wishlist-api-2/usecases/user_usecase.go:24.83,25.51 1 1
go-wishlist-api-2/usecases/user_usecase.go:25.51,27.3 1 1
go-wishlist-api-2/usecases/user_usecase.go:29.2,30.16 2 1
go-wishlist-api-2/usecases/user_usecase.go:30.16,32.3 1 1
go-wishlist-api-2/usecases/user_usecase.go:33.2,34.16 2 1
go-wishlist-api-2/usecases/user_usecase.go:34.16,36.3 1 0
go-wishlist-api-2/usecases/user_usecase.go:38.2,44.16 3 1
go-wishlist-api-2/usecases/user_usecase.go:44.16,46.3 1 1
go-wishlist-api-2/usecases/user_usecase.go:47.2,47.21 1 1
go-wishlist-api-2/usecases/user_usecase.go:50.84,53.16 2 1
go-wishlist-api-2/usecases/user_usecase.go:53.16,55.3 1 1
go-wishlist-api-2/usecases/user_usecase.go:57.2,57.79 1 1
go-wishlist-api-2/usecases/user_usecase.go:57.79,59.3 1 1
go-wishlist-api-2/usecases/user_usecase.go:61.2,62.16 2 1
go-wishlist-api-2/usecases/user_usecase.go:62.16,64.3 1 0
go-wishlist-api-2/usecases/user_usecase.go:66.2,67.23 2 1
go-wishlist-api-2/usecases/wishlist_usecase.go:19.77,21.2 1 1
go-wishlist-api-2/usecases/wishlist_usecase.go:23.67,25.16 2 1
go-wishlist-api-2/usecases/wishlist_usecase.go:25.16,27.3 1 1
go-wishlist-api-2/usecases/wishlist_usecase.go:28.2,28.23 1 1
go-wishlist-api-2/usecases/wishlist_usecase.go:31.89,37.16 3 1
go-wishlist-api-2/usecases/wishlist_usecase.go:37.16,39.3 1 1
go-wishlist-api-2/usecases/wishlist_usecase.go:40.2,40.25 1 1
